[ERROR] 09:46:59:314 FileSystem.log/(18661:18661): Fallo el select.
[ERROR] 09:53:02:711 FileSystem.log/(19005:19005): Fallo al reservar el puerto 5001. Es posible que el puerto este ocupado.
[ERROR] 09:59:20:419 FileSystem.log/(19267:19267): Fallo al reservar el puerto 5001. Es posible que el puerto este ocupado.
[ERROR] 09:59:29:680 FileSystem.log/(19272:19272): Fallo al reservar el puerto 5001. Es posible que el puerto este ocupado.
[ERROR] 09:59:30:378 FileSystem.log/(19274:19274): Fallo al reservar el puerto 5001. Es posible que el puerto este ocupado.
[ERROR] 09:59:30:883 FileSystem.log/(19276:19276): Fallo al reservar el puerto 5001. Es posible que el puerto este ocupado.
[ERROR] 09:59:31:501 FileSystem.log/(19278:19278): Fallo al reservar el puerto 5001. Es posible que el puerto este ocupado.
[ERROR] 09:59:32:422 FileSystem.log/(19280:19280): Fallo al reservar el puerto 5001. Es posible que el puerto este ocupado.
[ERROR] 09:59:32:958 FileSystem.log/(19282:19282): Fallo al reservar el puerto 5001. Es posible que el puerto este ocupado.
[ERROR] 10:00:33:171 FileSystem.log/(19335:19335): Fallo al reservar el puerto 5001. Es posible que el puerto este ocupado.
[ERROR] 10:00:34:427 FileSystem.log/(19337:19337): Fallo al reservar el puerto 5001. Es posible que el puerto este ocupado.
[ERROR] 10:00:34:909 FileSystem.log/(19339:19339): Fallo al reservar el puerto 5001. Es posible que el puerto este ocupado.
[ERROR] 10:00:35:278 FileSystem.log/(19341:19341): Fallo al reservar el puerto 5001. Es posible que el puerto este ocupado.
[ERROR] 10:00:35:632 FileSystem.log/(19343:19343): Fallo al reservar el puerto 5001. Es posible que el puerto este ocupado.
[ERROR] 10:00:35:983 FileSystem.log/(19345:19345): Fallo al reservar el puerto 5001. Es posible que el puerto este ocupado.
[ERROR] 10:00:36:324 FileSystem.log/(19347:19347): Fallo al reservar el puerto 5001. Es posible que el puerto este ocupado.
[ERROR] 10:00:36:627 FileSystem.log/(19349:19349): Fallo al reservar el puerto 5001. Es posible que el puerto este ocupado.
[ERROR] 10:00:36:928 FileSystem.log/(19351:19351): Fallo al reservar el puerto 5001. Es posible que el puerto este ocupado.
[ERROR] 10:00:38:146 FileSystem.log/(19353:19353): Fallo al reservar el puerto 5001. Es posible que el puerto este ocupado.
[ERROR] 10:00:38:477 FileSystem.log/(19355:19355): Fallo al reservar el puerto 5001. Es posible que el puerto este ocupado.
[ERROR] 10:00:38:767 FileSystem.log/(19357:19357): Fallo al reservar el puerto 5001. Es posible que el puerto este ocupado.
[ERROR] 10:00:39:61 FileSystem.log/(19359:19359): Fallo al reservar el puerto 5001. Es posible que el puerto este ocupado.
[ERROR] 10:00:39:340 FileSystem.log/(19361:19361): Fallo al reservar el puerto 5001. Es posible que el puerto este ocupado.
[ERROR] 10:00:39:598 FileSystem.log/(19363:19363): Fallo al reservar el puerto 5001. Es posible que el puerto este ocupado.
[ERROR] 10:00:39:879 FileSystem.log/(19365:19365): Fallo al reservar el puerto 5001. Es posible que el puerto este ocupado.
[ERROR] 10:13:49:579 FileSystem.log/(19568:19568): Fallo el select.
[ERROR] 10:17:20:760 FileSystem.log/(19760:19760): Fallo el select.
[ERROR] 10:17:53:406 FileSystem.log/(19847:19847): Fallo al reservar el puerto 5001. Es posible que el puerto este ocupado.
[ERROR] 10:17:55:342 FileSystem.log/(19849:19849): Fallo al reservar el puerto 5001. Es posible que el puerto este ocupado.
[ERROR] 10:17:56:282 FileSystem.log/(19851:19851): Fallo al reservar el puerto 5001. Es posible que el puerto este ocupado.
[ERROR] 10:17:57:169 FileSystem.log/(19853:19853): Fallo al reservar el puerto 5001. Es posible que el puerto este ocupado.
[ERROR] 10:17:58:127 FileSystem.log/(19855:19855): Fallo al reservar el puerto 5001. Es posible que el puerto este ocupado.
[ERROR] 10:17:58:988 FileSystem.log/(19857:19857): Fallo al reservar el puerto 5001. Es posible que el puerto este ocupado.
[ERROR] 10:17:59:463 FileSystem.log/(19859:19859): Fallo al reservar el puerto 5001. Es posible que el puerto este ocupado.
[ERROR] 10:17:59:801 FileSystem.log/(19861:19861): Fallo al reservar el puerto 5001. Es posible que el puerto este ocupado.
[ERROR] 10:18:00:202 FileSystem.log/(19863:19863): Fallo al reservar el puerto 5001. Es posible que el puerto este ocupado.
[ERROR] 10:18:00:502 FileSystem.log/(19865:19865): Fallo al reservar el puerto 5001. Es posible que el puerto este ocupado.
[ERROR] 10:18:00:827 FileSystem.log/(19867:19867): Fallo al reservar el puerto 5001. Es posible que el puerto este ocupado.
[ERROR] 10:18:01:539 FileSystem.log/(19869:19869): Fallo al reservar el puerto 5001. Es posible que el puerto este ocupado.
[ERROR] 10:18:01:996 FileSystem.log/(19871:19871): Fallo al reservar el puerto 5001. Es posible que el puerto este ocupado.
[ERROR] 10:18:02:435 FileSystem.log/(19873:19873): Fallo al reservar el puerto 5001. Es posible que el puerto este ocupado.
[ERROR] 10:18:02:771 FileSystem.log/(19875:19875): Fallo al reservar el puerto 5001. Es posible que el puerto este ocupado.
[ERROR] 10:18:03:67 FileSystem.log/(19877:19877): Fallo al reservar el puerto 5001. Es posible que el puerto este ocupado.
[ERROR] 10:18:03:487 FileSystem.log/(19879:19879): Fallo al reservar el puerto 5001. Es posible que el puerto este ocupado.
[ERROR] 10:18:04:188 FileSystem.log/(19881:19881): Fallo al reservar el puerto 5001. Es posible que el puerto este ocupado.
[ERROR] 10:18:08:508 FileSystem.log/(19883:19883): Fallo al reservar el puerto 5001. Es posible que el puerto este ocupado.
[ERROR] 10:40:40:610 FileSystem.log/(19939:19939): Fallo el select.
[ERROR] 10:40:57:11 FileSystem.log/(20358:20358): Fallo al reservar el puerto 5001. Es posible que el puerto este ocupado.
[ERROR] 10:41:03:868 FileSystem.log/(20361:20361): Fallo al reservar el puerto 5001. Es posible que el puerto este ocupado.
[ERROR] 10:41:04:6 FileSystem.log/(20363:20363): Fallo al reservar el puerto 5001. Es posible que el puerto este ocupado.
[ERROR] 10:41:05:685 FileSystem.log/(20365:20365): Fallo al reservar el puerto 5001. Es posible que el puerto este ocupado.
[ERROR] 10:41:06:480 FileSystem.log/(20367:20367): Fallo al reservar el puerto 5001. Es posible que el puerto este ocupado.
[ERROR] 10:41:13:786 FileSystem.log/(20371:20371): Fallo al reservar el puerto 5001. Es posible que el puerto este ocupado.
[ERROR] 10:41:16:789 FileSystem.log/(20373:20373): Fallo al reservar el puerto 5001. Es posible que el puerto este ocupado.
[ERROR] 10:41:22:272 FileSystem.log/(20375:20375): Fallo al reservar el puerto 5001. Es posible que el puerto este ocupado.
[ERROR] 10:50:14:554 FileSystem.log/(20860:20860): Fallo el select.
[ERROR] 10:50:36:597 FileSystem.log/(20957:20957): Fallo al reservar el puerto 5001. Es posible que el puerto este ocupado.
[ERROR] 10:54:43:405 FileSystem.log/(20976:20976): Fallo el select.
[ERROR] 10:54:55:37 FileSystem.log/(21143:21143): Fallo al reservar el puerto 5001. Es posible que el puerto este ocupado.
[ERROR] 10:54:56:64 FileSystem.log/(21145:21145): Fallo al reservar el puerto 5001. Es posible que el puerto este ocupado.
[ERROR] 10:54:57:222 FileSystem.log/(21149:21149): Fallo al reservar el puerto 5001. Es posible que el puerto este ocupado.
[ERROR] 10:54:58:215 FileSystem.log/(21151:21151): Fallo al reservar el puerto 5001. Es posible que el puerto este ocupado.
[ERROR] 10:58:55:804 FileSystem.log/(21158:21158): Fallo el select.
[ERROR] 10:59:10:53 FileSystem.log/(21279:21279): Fallo al reservar el puerto 5001. Es posible que el puerto este ocupado.
[ERROR] 10:59:13:711 FileSystem.log/(21281:21281): Fallo al reservar el puerto 5001. Es posible que el puerto este ocupado.
[ERROR] 11:04:45:961 FileSystem.log/(21377:21377): Fallo el select.
[ERROR] 11:04:58:441 FileSystem.log/(21494:21494): Fallo al reservar el puerto 5001. Es posible que el puerto este ocupado.
[ERROR] 11:05:06:619 FileSystem.log/(21498:21498): Fallo al reservar el puerto 5001. Es posible que el puerto este ocupado.
[ERROR] 11:05:07:433 FileSystem.log/(21500:21500): Fallo al reservar el puerto 5001. Es posible que el puerto este ocupado.
[ERROR] 11:05:08:24 FileSystem.log/(21502:21502): Fallo al reservar el puerto 5001. Es posible que el puerto este ocupado.
[ERROR] 11:05:08:551 FileSystem.log/(21504:21504): Fallo al reservar el puerto 5001. Es posible que el puerto este ocupado.
[ERROR] 11:05:09:32 FileSystem.log/(21506:21506): Fallo al reservar el puerto 5001. Es posible que el puerto este ocupado.
[ERROR] 11:05:09:426 FileSystem.log/(21508:21508): Fallo al reservar el puerto 5001. Es posible que el puerto este ocupado.
[ERROR] 11:05:09:811 FileSystem.log/(21510:21510): Fallo al reservar el puerto 5001. Es posible que el puerto este ocupado.
[ERROR] 11:05:10:169 FileSystem.log/(21512:21512): Fallo al reservar el puerto 5001. Es posible que el puerto este ocupado.
[ERROR] 11:05:10:490 FileSystem.log/(21514:21514): Fallo al reservar el puerto 5001. Es posible que el puerto este ocupado.
[ERROR] 11:05:10:778 FileSystem.log/(21517:21517): Fallo al reservar el puerto 5001. Es posible que el puerto este ocupado.
[ERROR] 11:05:11:55 FileSystem.log/(21519:21519): Fallo al reservar el puerto 5001. Es posible que el puerto este ocupado.
[ERROR] 11:09:07:314 FileSystem.log/(21710:21710): Fallo el select.
[ERROR] 14:58:47:710 FileSystem.log/(23039:23039): Fallo el select.
[ERROR] 10:48:39:97 FileSystem.log/(25471:25471): Fallo el select.
[ERROR] 15:22:24:902 FileSystem.log/(4808:4808): Fallo el select.
[ERROR] 15:23:28:478 FileSystem.log/(4824:4824): Fallo el select.
[ERROR] 15:24:06:640 FileSystem.log/(4899:4899): Fallo el select.
[ERROR] 15:33:18:574 FileSystem.log/(5190:5190): Fallo el select.
[ERROR] 20:45:22:425 FileSystem.log/(2754:2754): Fallo el select.
[ERROR] 20:49:06:321 FileSystem.log/(2988:2988): Fallo el select.
[ERROR] 16:09:59:825 FileSystem.log/(12657:12657): Fallo el select.
[ERROR] 16:10:50:356 FileSystem.log/(12839:12839): Fallo al reservar el puerto 5001. Es posible que el puerto este ocupado.
[ERROR] 16:10:56:449 FileSystem.log/(12843:12843): Fallo al reservar el puerto 5001. Es posible que el puerto este ocupado.
[ERROR] 16:12:11:312 FileSystem.log/(12890:12890): Fallo el select.
[ERROR] 18:13:50:982 FileSystem.log/(5498:5500): Fallo al reservar el puerto 5001. Es posible que el puerto este ocupado.
[ERROR] 18:14:13:834 FileSystem.log/(5502:5504): Fallo al reservar el puerto 5001. Es posible que el puerto este ocupado.
[ERROR] 18:15:07:1 FileSystem.log/(5579:5581): Fallo al reservar el puerto 5001. Es posible que el puerto este ocupado.
[ERROR] 18:16:15:847 FileSystem.log/(5583:5585): Fallo al reservar el puerto 5001. Es posible que el puerto este ocupado.
[ERROR] 18:16:42:12 FileSystem.log/(5591:5593): Fallo al reservar el puerto 5001. Es posible que el puerto este ocupado.
[ERROR] 18:16:58:865 FileSystem.log/(5662:5663): Fallo al reservar el puerto 5001. Es posible que el puerto este ocupado.
[ERROR] 18:19:01:513 FileSystem.log/(5776:5778): Fallo al reservar el puerto 5001. Es posible que el puerto este ocupado.
[ERROR] 18:20:09:935 FileSystem.log/(5902:5904): Fallo al reservar el puerto 5001. Es posible que el puerto este ocupado.
[ERROR] 18:21:11:651 FileSystem.log/(6033:6035): Fallo al reservar el puerto 5001. Es posible que el puerto este ocupado.
[ERROR] 18:22:20:720 FileSystem.log/(6168:6170): Fallo al reservar el puerto 5001. Es posible que el puerto este ocupado.
[ERROR] 18:25:05:590 FileSystem.log/(6375:6377): Fallo al reservar el puerto 5001. Es posible que el puerto este ocupado.
[ERROR] 18:25:39:87 FileSystem.log/(6403:6405): Fallo al reservar el puerto 5001. Es posible que el puerto este ocupado.
[ERROR] 18:25:52:487 FileSystem.log/(6496:6498): Fallo al reservar el puerto 5001. Es posible que el puerto este ocupado.
[ERROR] 18:29:07:643 FileSystem.log/(6605:6607): Fallo al reservar el puerto 5001. Es posible que el puerto este ocupado.
[ERROR] 18:31:53:950 FileSystem.log/(6829:6831): Fallo al reservar el puerto 5001. Es posible que el puerto este ocupado.
[ERROR] 18:32:22:196 FileSystem.log/(6894:6896): Fallo al reservar el puerto 5001. Es posible que el puerto este ocupado.
[ERROR] 11:47:16:972 FileSystem.log/(3087:3087): Fallo el select.
[ERROR] 11:52:35:472 FileSystem.log/(3377:3377): Fallo el select.
[ERROR] 12:04:05:337 FileSystem.log/(3724:3724): Fallo el select.
[ERROR] 14:48:14:508 FileSystem.log/(3460:3460): Fallo el select.
[ERROR] 14:50:58:835 FileSystem.log/(3607:3607): Fallo el select.
[ERROR] 14:55:30:80 FileSystem.log/(3901:3901): Fallo el select.
[ERROR] 14:56:13:714 FileSystem.log/(3952:3952): Fallo el select.
[ERROR] 14:56:37:42 FileSystem.log/(3999:3999): Fallo el select.
[ERROR] 15:00:10:630 FileSystem.log/(4091:4091): Fallo el select.
[ERROR] 15:05:17:625 FileSystem.log/(4445:4445): Fallo el select.
[ERROR] 15:05:46:932 FileSystem.log/(4493:4493): Fallo el select.
[ERROR] 15:06:13:264 FileSystem.log/(4538:4538): Fallo el select.
[ERROR] 15:14:22:365 FileSystem.log/(16834:16834): Fallo el select.
[ERROR] 15:19:18:13 FileSystem.log/(17131:17131): Fallo el select.
[ERROR] 15:21:26:404 FileSystem.log/(17237:17237): Fallo el select.
[ERROR] 15:22:48:200 FileSystem.log/(17332:17332): Fallo el select.
[ERROR] 15:24:19:980 FileSystem.log/(17457:17457): Fallo el select.
[ERROR] 15:28:25:54 FileSystem.log/(17684:17684): Fallo el select.
[ERROR] 15:32:09:659 FileSystem.log/(17794:17794): Fallo el select.
[ERROR] 15:35:39:555 FileSystem.log/(17946:17946): Fallo el select.
[ERROR] 15:53:00:62 FileSystem.log/(18203:18203): Fallo el select.
[ERROR] 16:02:36:356 FileSystem.log/(18382:18382): Fallo el select.
[ERROR] 16:43:02:570 FileSystem.log/(6661:6661): Fallo el select.
[ERROR] 16:56:55:431 FileSystem.log/(6991:6991): Fallo el select.
[ERROR] 16:11:46:286 FileSystem.log/(7076:7076): Fallo la aceptacion del cliente, del FD servidor (fileSystem): 4
[ERROR] 19:34:05:753 FileSystem.log/(3230:3230): Fallo la aceptacion del cliente, del FD servidor (fileSystem): 4
[ERROR] 19:34:38:10 FileSystem.log/(3248:3248): Fallo la aceptacion del cliente, del FD servidor (fileSystem): 4
[ERROR] 19:35:12:401 FileSystem.log/(3360:3360): Fallo la aceptacion del cliente, del FD servidor (fileSystem): 4
[ERROR] 19:35:43:146 FileSystem.log/(3478:3478): Fallo la aceptacion del cliente, del FD servidor (fileSystem): 4
[ERROR] 19:36:02:399 FileSystem.log/(3569:3569): Fallo la aceptacion del cliente, del FD servidor (fileSystem): 4
[ERROR] 19:44:51:850 FileSystem.log/(3873:3873): Fallo la aceptacion del cliente, del FD servidor (fileSystem): 4
[ERROR] 20:30:48:602 FileSystem.log/(6394:6394): Fallo la aceptacion del cliente, del FD servidor (fileSystem): 4
[ERROR] 17:09:16:93 FileSystem.log/(7638:7638): Fallo la aceptacion del cliente, del FD servidor (fileSystem): 4
[ERROR] 18:39:16:569 FileSystem.log/(11200:11200): Fallo la aceptacion del cliente, del FD servidor (fileSystem): 4
[ERROR] 17:21:10:272 FileSystem.log/(9044:9044): Fallo la aceptacion del cliente, del FD servidor (fileSystem): 4
[ERROR] 17:21:30:217 FileSystem.log/(9238:9240): Fallo al reservar el puerto 5001. Es posible que el puerto este ocupado.
[ERROR] 17:24:12:835 FileSystem.log/(9286:9286): Fallo la aceptacion del cliente, del FD servidor (fileSystem): 4
[ERROR] 17:30:36:61 FileSystem.log/(9517:9517): Fallo la aceptacion del cliente, del FD servidor (fileSystem): 4
[ERROR] 17:31:10:113 FileSystem.log/(9737:9739): Fallo al reservar el puerto 5001. Es posible que el puerto este ocupado.
[ERROR] 15:31:29:9 FileSystem.log/(5769:5769): Fallo la aceptacion del cliente, del FD servidor (fileSystem): 4
[ERROR] 21:09:22:294 FileSystem.log/(3928:3930): Fallo al reservar el puerto 5001. Es posible que el puerto este ocupado.
[ERROR] 21:09:27:143 FileSystem.log/(3932:3934): Fallo al reservar el puerto 5001. Es posible que el puerto este ocupado.
[ERROR] 21:09:38:374 FileSystem.log/(3978:3980): Fallo al reservar el puerto 5001. Es posible que el puerto este ocupado.
[ERROR] 21:11:25:77 FileSystem.log/(4192:4194): Fallo al reservar el puerto 5001. Es posible que el puerto este ocupado.
[ERROR] 21:11:31:647 FileSystem.log/(4231:4233): Fallo al reservar el puerto 5001. Es posible que el puerto este ocupado.
[ERROR] 21:11:33:356 FileSystem.log/(4234:4236): Fallo al reservar el puerto 5001. Es posible que el puerto este ocupado.
[ERROR] 21:11:34:477 FileSystem.log/(4237:4239): Fallo al reservar el puerto 5001. Es posible que el puerto este ocupado.
[ERROR] 11:26:42:234 FileSystem.log/(4810:4812): Fallo al reservar el puerto 5001. Es posible que el puerto este ocupado.
[ERROR] 11:27:25:618 FileSystem.log/(4860:4862): Fallo al reservar el puerto 5001. Es posible que el puerto este ocupado.
[ERROR] 12:42:45:265 FileSystem.log/(6834:6834): Fallo la aceptacion del cliente, del FD servidor (fileSystem): 4
[ERROR] 12:47:01:187 FileSystem.log/(7001:7003): Fallo al reservar el puerto 5001. Es posible que el puerto este ocupado.
[ERROR] 12:47:15:390 FileSystem.log/(7019:7021): Fallo al reservar el puerto 5001. Es posible que el puerto este ocupado.
[ERROR] 12:47:49:781 FileSystem.log/(7025:7027): Fallo al reservar el puerto 5001. Es posible que el puerto este ocupado.
[ERROR] 13:21:36:130 FileSystem.log/(8157:8159): Fallo al reservar el puerto 5001. Es posible que el puerto este ocupado.
[ERROR] 14:26:57:585 FileSystem.log/(8597:8599): Fallo al reservar el puerto 5001. Es posible que el puerto este ocupado.
[ERROR] 14:27:26:203 FileSystem.log/(8603:8605): Fallo al reservar el puerto 5001. Es posible que el puerto este ocupado.
[ERROR] 14:28:07:303 FileSystem.log/(8608:8610): Fallo al reservar el puerto 5001. Es posible que el puerto este ocupado.
[ERROR] 14:43:44:37 FileSystem.log/(9239:9239): Fallo la aceptacion del cliente, del FD servidor (fileSystem): 4
[ERROR] 14:44:08:248 FileSystem.log/(9288:9290): Fallo al reservar el puerto 5001. Es posible que el puerto este ocupado.
[ERROR] 14:46:44:788 FileSystem.log/(9293:9293): Fallo la aceptacion del cliente, del FD servidor (fileSystem): 5
[ERROR] 14:47:08:900 FileSystem.log/(9390:9392): Fallo al reservar el puerto 5001. Es posible que el puerto este ocupado.
[ERROR] 15:05:08:675 FileSystem.log/(9763:9763): Fallo la aceptacion del cliente, del FD servidor (fileSystem): 4
[ERROR] 15:05:41:937 FileSystem.log/(10001:10003): Fallo al reservar el puerto 5001. Es posible que el puerto este ocupado.
[ERROR] 15:06:01:296 FileSystem.log/(10005:10007): Fallo al reservar el puerto 5001. Es posible que el puerto este ocupado.
[ERROR] 15:08:34:862 FileSystem.log/(10009:10009): Fallo la aceptacion del cliente, del FD servidor (fileSystem): 4
[ERROR] 16:30:07:419 FileSystem.log/(11466:11466): Fallo la aceptacion del cliente, del FD servidor (fileSystem): 4
[ERROR] 16:34:07:975 FileSystem.log/(11738:11738): Fallo la aceptacion del cliente, del FD servidor (fileSystem): 4
[ERROR] 17:46:39:265 FileSystem.log/(13255:13255): Fallo la aceptacion del cliente, del FD servidor (fileSystem): 4
[ERROR] 17:48:26:621 FileSystem.log/(13987:13987): Fallo la aceptacion del cliente, del FD servidor (fileSystem): 4
[ERROR] 18:01:18:426 FileSystem.log/(14611:14611): Fallo la aceptacion del cliente, del FD servidor (fileSystem): 4
[ERROR] 18:28:33:314 FileSystem.log/(15510:15510): Fallo la aceptacion del cliente, del FD servidor (fileSystem): 4
[ERROR] 19:29:54:218 FileSystem.log/(15165:15165): Fallo la aceptacion del cliente, del FD servidor (fileSystem): 4
[ERROR] 19:27:34:130 FileSystem.log/(17345:17345): Fallo la aceptacion del cliente, del FD servidor (fileSystem): 4
[ERROR] 19:29:25:418 FileSystem.log/(17491:17491): Fallo la aceptacion del cliente, del FD servidor (fileSystem): 4
[ERROR] 19:44:14:894 FileSystem.log/(15497:15497): Fallo la aceptacion del cliente, del FD servidor (fileSystem): 4
[ERROR] 20:18:48:513 FileSystem.log/(16510:16510): Fallo la aceptacion del cliente, del FD servidor (fileSystem): 4
[ERROR] 20:59:51:231 FileSystem.log/(16907:16909): Error al recibir el tamanio del nombre del nodo
[ERROR] 21:00:08:776 FileSystem.log/(17181:17183): Fallo al reservar el puerto 5001. Es posible que el puerto este ocupado.
[ERROR] 21:00:16:744 FileSystem.log/(17185:17187): Fallo al reservar el puerto 5001. Es posible que el puerto este ocupado.
[ERROR] 21:00:36:753 FileSystem.log/(17200:17202): Fallo al reservar el puerto 5001. Es posible que el puerto este ocupado.
[ERROR] 21:01:54:718 FileSystem.log/(17207:17207): Fallo la aceptacion del cliente, del FD servidor (fileSystem): 4
[ERROR] 21:02:12:296 FileSystem.log/(17258:17260): Fallo al reservar el puerto 5001. Es posible que el puerto este ocupado.
[ERROR] 15:59:34:268 FileSystem.log/(3466:3466): Fallo la aceptacion del cliente, del FD servidor (fileSystem): 4
[ERROR] 19:30:51:340 FileSystem.log/(4020:4020): Fallo la aceptacion del cliente, del FD servidor (fileSystem): 4
[ERROR] 19:31:27:797 FileSystem.log/(4328:4330): Fallo al reservar el puerto 5001. Es posible que el puerto este ocupado.
[ERROR] 19:33:02:645 FileSystem.log/(4334:4336): Error al recibir el tamanio del nombre del nodo
[ERROR] 19:42:39:738 FileSystem.log/(5271:5273): Fallo al reservar el puerto 5001. Es posible que el puerto este ocupado.
[ERROR] 19:42:41:855 FileSystem.log/(5274:5276): Fallo al reservar el puerto 5001. Es posible que el puerto este ocupado.
[ERROR] 19:49:33:439 FileSystem.log/(5485:5487): Error al recibir el tamanio del nombre del nodo
[ERROR] 20:00:34:286 FileSystem.log/(6014:6016): Error al recibir el tamanio del nombre del nodo
[ERROR] 20:01:05:157 FileSystem.log/(6261:6263): Fallo al reservar el puerto 5001. Es posible que el puerto este ocupado.
[ERROR] 20:01:14:44 FileSystem.log/(6299:6301): Fallo al reservar el puerto 5001. Es posible que el puerto este ocupado.
[ERROR] 20:01:22:402 FileSystem.log/(6303:6305): Fallo al reservar el puerto 5001. Es posible que el puerto este ocupado.
[ERROR] 20:03:07:998 FileSystem.log/(6421:6423): Fallo al reservar el puerto 5001. Es posible que el puerto este ocupado.
[ERROR] 21:12:05:599 FileSystem.log/(8143:8145): Error al recibir el tamanio del nombre del nodo
[ERROR] 20:22:47:973 FileSystem.log/(5266:5268): Fallo al reservar el puerto 5001. Es posible que el puerto este ocupado.
[ERROR] 20:23:07:964 FileSystem.log/(5270:5272): Fallo al reservar el puerto 5001. Es posible que el puerto este ocupado.
[ERROR] 20:23:22:250 FileSystem.log/(5274:5276): Fallo al reservar el puerto 5001. Es posible que el puerto este ocupado.
[ERROR] 20:23:35:715 FileSystem.log/(5279:5281): Fallo al reservar el puerto 5001. Es posible que el puerto este ocupado.
[ERROR] 20:24:46:246 FileSystem.log/(5283:5285): Error al recibir el tamanio del nombre del nodo
[ERROR] 00:11:39:781 FileSystem.log/(2660:2660): Fallo la aceptacion del cliente, del FD servidor (fileSystem): 4
[ERROR] 15:41:16:505 FileSystem.log/(3495:3497): Error al recibir el tamanio del nombre del nodo
[ERROR] 15:43:24:130 FileSystem.log/(3759:3759): Fallo la aceptacion del cliente, del FD servidor (fileSystem): 4
[ERROR] 12:44:57:362 FileSystem.log/(2471:2473): Error al recibir el tamanio del nombre del nodo
[ERROR] 15:21:35:633 FileSystem.log/(4925:4927): Error al recibir el tamanio del nombre del nodo[ERROR] 15:51:31:739 FileSystem.log/(5805:5805): Fallo la aceptacion del cliente, del FD servidor (fileSystem): 4
[ERROR] 15:55:28:329 FileSystem.log/(6022:6022): Fallo la aceptacion del cliente, del FD servidor (fileSystem): 4
[ERROR] 16:15:13:571 FileSystem.log/(6470:6470): Fallo la aceptacion del cliente, del FD servidor (fileSystem
[ERROR] 16:16:42:539 FileSystem.log/(6594:6594): Fallo la aceptacion del cliente, del FD servidor (fileSystem
[ERROR] 16:58:11:33 FileSystem.log/(7307:7307): Fallo la aceptacion del cliente, del FD servidor (fileSystem
[ERROR] 15:21:35:633 FileSystem.log/(4925:4927): Error al recibir el tamanio del nombre del nodo[ERROR] 15:55:57:774 FileSystem.log/(3115:3115): Fallo la aceptacion del cliente, del FD servidor (fileSystem): 4
[ERROR] 15:56:07:681 FileSystem.log/(3307:3309): Fallo al reservar el puerto 5001. Es posible que el puerto este ocupado.
[ERROR] 15:56:34:187 FileSystem.log/(3311:3313): Fallo al reservar el puerto 5001. Es posible que el puerto este ocupado.
[ERROR] 15:56:49:422 FileSystem.log/(3314:3316): Fallo al reservar el puerto 5001. Es posible que el puerto este ocupado.
[ERROR] 15:57:42:127 FileSystem.log/(3318:3318): Fallo la aceptacion del cliente, del FD servidor (fileSystem): 4
[ERROR] 15:58:01:294 FileSystem.log/(3371:3373): Fallo al reservar el puerto 5001. Es posible que el puerto este ocupado.
[ERROR] 15:58:25:47 FileSystem.log/(3375:3377): Fallo al reservar el puerto 5001. Es posible que el puerto este ocupado.
[ERROR] 16:04:58:207 FileSystem.log/(3421:3421): Fallo la aceptacion del cliente, del FD servidor (fileSystem): 4
[ERROR] 16:08:17:405 FileSystem.log/(3664:3664): Fallo la aceptacion del cliente, del FD servidor (fileSystem): 4
[ERROR] 16:08:47:865 FileSystem.log/(3795:3797): Fallo al reservar el puerto 5001. Es posible que el puerto este ocupado.
[ERROR] 16:18:52:897 FileSystem.log/(4109:4109): Fallo la aceptacion del cliente, del FD servidor (fileSystem): 4
[ERROR] 19:51:13:257 FileSystem.log/(11302:11302): Fallo la aceptacion del cliente, del FD servidor (fileSystem
[ERROR] 20:18:09:404 FileSystem.log/(11482:11482): Fallo la aceptacion del cliente, del FD servidor (fileSystem
[ERROR] 20:22:21:355 FileSystem.log/(11805:11805): Fallo la aceptacion del cliente, del FD servidor (fileSystem
[ERROR] 20:23:57:712 FileSystem.log/(12023:12023): Fallo la aceptacion del cliente, del FD servidor (fileSystem
[ERROR] 17:42:36:53 FileSystem.log/(5892:5892): Fallo la aceptacion del cliente, del FD servidor (fileSystem): 4
[ERROR] 18:09:25:524 FileSystem.log/(6633:6635): Fallo al reservar el puerto 5001. Es posible que el puerto este ocupado.
[ERROR] 18:55:11:558 FileSystem.log/(7335:7337): Fallo al reservar el puerto 5001. Es posible que el puerto este ocupado.
[ERROR] 19:00:23:733 FileSystem.log/(7420:7420): Fallo la aceptacion del cliente, del FD servidor (fileSystem): 4
[ERROR] 19:01:08:937 FileSystem.log/(7594:7596): Fallo al reservar el puerto 5001. Es posible que el puerto este ocupado.
[ERROR] 19:01:23:272 FileSystem.log/(7600:7602): Fallo al reservar el puerto 5001. Es posible que el puerto este ocupado.
[ERROR] 19:05:41:762 FileSystem.log/(7606:7606): Fallo la aceptacion del cliente, del FD servidor (fileSystem): 4
[ERROR] 19:13:04:401 FileSystem.log/(7945:7947): Fallo al reservar el puerto 5001. Es posible que el puerto este ocupado.
[ERROR] 19:14:45:55 FileSystem.log/(7968:7970): Fallo al reservar el puerto 5001. Es posible que el puerto este ocupado.
[ERROR] 19:18:59:496 FileSystem.log/(7973:7975): Error al recibir el tamanio del nombre del nodo
[ERROR] 19:35:28:240 FileSystem.log/(8808:8810): Fallo al reservar el puerto 5001. Es posible que el puerto este ocupado.
[ERROR] 19:37:39:857 FileSystem.log/(8815:8817): Error al recibir el tamanio del nombre del nodo
[ERROR] 19:38:20:776 FileSystem.log/(8996:8998): Fallo al reservar el puerto 5001. Es posible que el puerto este ocupado.
[ERROR] 19:42:28:134 FileSystem.log/(9000:9002): Error al recibir el tamanio del nombre del nodo
[ERROR] 19:42:52:17 FileSystem.log/(9129:9131): Fallo al reservar el puerto 5001. Es posible que el puerto este ocupado.
[ERROR] 19:44:57:687 FileSystem.log/(9135:9137): Error al recibir el tamanio del nombre del nodo
[ERROR] 20:14:01:647 FileSystem.log/(9772:9774): Error al recibir el tamanio del nombre del nodo
[ERROR] 20:36:20:706 FileSystem.log/(12642:12644): Fallo al reservar el puerto 5001. Es posible que el puerto este ocupado.
[ERROR] 20:36:24:444 FileSystem.log/(12645:12647): Fallo al reservar el puerto 5001. Es posible que el puerto este ocupado.
[ERROR] 20:36:28:917 FileSystem.log/(12648:12650): Fallo al reservar el puerto 5001. Es posible que el puerto este ocupado.
[ERROR] 20:36:34:525 FileSystem.log/(12687:12689): Fallo al reservar el puerto 5001. Es posible que el puerto este ocupado.
[ERROR] 20:36:39:825 FileSystem.log/(12725:12727): Fallo al reservar el puerto 5001. Es posible que el puerto este ocupado.
[ERROR] 20:36:45:420 FileSystem.log/(12763:12765): Fallo al reservar el puerto 5001. Es posible que el puerto este ocupado.
[ERROR] 20:37:02:599 FileSystem.log/(12882:12884): Fallo al reservar el puerto 5001. Es posible que el puerto este ocupado.
[ERROR] 00:18:27:192 FileSystem.log/(3788:3788): Fallo la aceptacion del cliente, del FD servidor (fileSystem): 4
[ERROR] 00:21:15:453 FileSystem.log/(3873:3873): Fallo la aceptacion del cliente, del FD servidor (fileSystem): 4
[ERROR] 14:00:19:823 FileSystem.log/(6342:6344): Fallo al reservar el puerto 5001. Es posible que el puerto este ocupado.
[ERROR] 14:04:20:80 FileSystem.log/(6408:6410): Fallo al reservar el puerto 5001. Es posible que el puerto este ocupado.
[ERROR] 14:11:09:734 FileSystem.log/(6553:6555): Fallo al reservar el puerto 5001. Es posible que el puerto este ocupado.
[ERROR] 14:11:26:986 FileSystem.log/(6557:6559): Fallo al reservar el puerto 5001. Es posible que el puerto este ocupado.
[ERROR] 14:55:59:929 FileSystem.log/(8274:8276): Fallo al reservar el puerto 5001. Es posible que el puerto este ocupado.
[ERROR] 16:05:01:556 FileSystem.log/(6898:6898): Fallo al reservar el puerto 5002. Es posible que el puerto este ocupado.
[ERROR] 16:05:33:677 FileSystem.log/(6951:6951): Fallo al reservar el puerto 5002. Es posible que el puerto este ocupado.
[ERROR] 16:05:33:683 FileSystem.log/(6951:6953): Fallo al reservar el puerto 5001. Es posible que el puerto este ocupado.
[ERROR] 16:10:33:53 FileSystem.log/(7004:7004): Fallo la aceptacion del cliente, del FD servidor (fileSystem): 4
[ERROR] 17:28:28:419 FileSystem.log/(9311:9313): Fallo al reservar el puerto 5001. Es posible que el puerto este ocupado.
[ERROR] 13:39:28:459 FileSystem.log/(3831:3831): Fallo la aceptacion del cliente, del FD servidor (fileSystem): 4
[ERROR] 13:43:24:723 FileSystem.log/(4081:4081): Fallo la aceptacion del cliente, del FD servidor (fileSystem): 4
[ERROR] 13:43:42:730 FileSystem.log/(4140:4142): Fallo al reservar el puerto 5001. Es posible que el puerto este ocupado.
[ERROR] 13:44:11:392 FileSystem.log/(4147:4149): Fallo al reservar el puerto 5001. Es posible que el puerto este ocupado.
[ERROR] 13:45:19:602 FileSystem.log/(4153:4153): Fallo la aceptacion del cliente, del FD servidor (fileSystem): 4
[ERROR] 13:47:01:364 FileSystem.log/(4210:4210): Fallo la aceptacion del cliente, del FD servidor (fileSystem): 4
[ERROR] 14:01:12:697 FileSystem.log/(4473:4473): Fallo la aceptacion del cliente, del FD servidor (fileSystem): 4
[ERROR] 14:56:29:725 FileSystem.log/(5707:5707): Fallo la aceptacion del cliente, del FD servidor (fileSystem): 4
[ERROR] 15:04:00:309 FileSystem.log/(6226:6228): Fallo al reservar el puerto 5001. Es posible que el puerto este ocupado.
[ERROR] 15:07:53:262 FileSystem.log/(6286:6288): Fallo al reservar el puerto 5001. Es posible que el puerto este ocupado.
[ERROR] 15:55:48:261 FileSystem.log/(7000:7000): Fallo la aceptacion del cliente, del FD servidor (fileSystem): 4
[ERROR] 16:32:36:764 FileSystem.log/(7691:7693): Fallo al reservar el puerto 5001. Es posible que el puerto este ocupado.
[ERROR] 16:41:02:56 FileSystem.log/(7812:7814): Fallo al reservar el puerto 5001. Es posible que el puerto este ocupado.
[ERROR] 16:41:26:661 FileSystem.log/(7818:7820): Fallo al reservar el puerto 5001. Es posible que el puerto este ocupado.
[ERROR] 16:41:33:906 FileSystem.log/(7823:7825): Fallo al reservar el puerto 5001. Es posible que el puerto este ocupado.
[ERROR] 17:02:11:341 FileSystem.log/(19328:19330): Fallo al reservar el puerto 5001. Es posible que el puerto este ocupado.
[ERROR] 17:12:04:419 FileSystem.log/(19518:19520): Fallo al reservar el puerto 5001. Es posible que el puerto este ocupado.
[ERROR] 17:12:28:691 FileSystem.log/(19523:19525): Fallo al reservar el puerto 5001. Es posible que el puerto este ocupado.
[ERROR] 17:12:41:318 FileSystem.log/(19529:19531): Fallo al reservar el puerto 5001. Es posible que el puerto este ocupado.
[ERROR] 17:18:48:240 FileSystem.log/(19752:19754): Fallo al reservar el puerto 5001. Es posible que el puerto este ocupado.
[ERROR] 17:18:54:551 FileSystem.log/(19757:19759): Fallo al reservar el puerto 5001. Es posible que el puerto este ocupado.
[ERROR] 17:21:27:351 FileSystem.log/(19800:19802): Fallo al reservar el puerto 5001. Es posible que el puerto este ocupado.
[ERROR] 17:21:29:687 FileSystem.log/(19805:19807): Fallo al reservar el puerto 5001. Es posible que el puerto este ocupado.
[ERROR] 17:21:30:181 FileSystem.log/(19808:19810): Fallo al reservar el puerto 5001. Es posible que el puerto este ocupado.
[ERROR] 17:21:30:585 FileSystem.log/(19811:19813): Fallo al reservar el puerto 5001. Es posible que el puerto este ocupado.
[ERROR] 17:21:31:11 FileSystem.log/(19815:19817): Fallo al reservar el puerto 5001. Es posible que el puerto este ocupado.
[ERROR] 17:21:31:409 FileSystem.log/(19818:19820): Fallo al reservar el puerto 5001. Es posible que el puerto este ocupado.
[ERROR] 17:21:31:841 FileSystem.log/(19821:19823): Fallo al reservar el puerto 5001. Es posible que el puerto este ocupado.
[ERROR] 17:21:32:302 FileSystem.log/(19825:19827): Fallo al reservar el puerto 5001. Es posible que el puerto este ocupado.
[ERROR] 17:21:33:95 FileSystem.log/(19828:19830): Fallo al reservar el puerto 5001. Es posible que el puerto este ocupado.
[ERROR] 17:21:33:539 FileSystem.log/(19832:19834): Fallo al reservar el puerto 5001. Es posible que el puerto este ocupado.
[ERROR] 17:21:33:984 FileSystem.log/(19835:19837): Fallo al reservar el puerto 5001. Es posible que el puerto este ocupado.
[ERROR] 17:21:34:483 FileSystem.log/(19838:19840): Fallo al reservar el puerto 5001. Es posible que el puerto este ocupado.
[ERROR] 17:21:39:69 FileSystem.log/(19842:19844): Fallo al reservar el puerto 5001. Es posible que el puerto este ocupado.
[ERROR] 17:21:42:736 FileSystem.log/(19846:19848): Fallo al reservar el puerto 5001. Es posible que el puerto este ocupado.
[ERROR] 17:21:45:720 FileSystem.log/(19850:19852): Fallo al reservar el puerto 5001. Es posible que el puerto este ocupado.
[ERROR] 17:21:48:512 FileSystem.log/(19854:19856): Fallo al reservar el puerto 5001. Es posible que el puerto este ocupado.
[ERROR] 08:44:59:418 FileSystem.log/(3105:3105): Fallo la aceptacion del cliente, del FD servidor (fileSystem): 4
[ERROR] 08:48:03:241 FileSystem.log/(3236:3236): Fallo la aceptacion del cliente, del FD servidor (fileSystem): 4
[ERROR] 08:48:09:797 FileSystem.log/(3383:3385): Fallo al reservar el puerto 5001. Es posible que el puerto este ocupado.
[ERROR] 08:48:31:179 FileSystem.log/(3432:3434): Fallo al reservar el puerto 5001. Es posible que el puerto este ocupado.
[ERROR] 09:22:10:423 FileSystem.log/(4339:4341): Fallo al reservar el puerto 5001. Es posible que el puerto este ocupado.
[ERROR] 09:22:18:791 FileSystem.log/(4344:4346): Fallo al reservar el puerto 5001. Es posible que el puerto este ocupado.
[ERROR] 09:31:59:288 FileSystem.log/(4816:4816): Fallo la aceptacion del cliente, del FD servidor (fileSystem): 4
[ERROR] 09:53:09:601 FileSystem.log/(5361:5363): Fallo al reservar el puerto 5001. Es posible que el puerto este ocupado.
[ERROR] 17:39:42:642 FileSystem.log/(2357:2357): Fallo la aceptacion del cliente, del FD servidor (fileSystem): 4
[ERROR] 17:40:31:797 FileSystem.log/(2620:2622): Fallo al reservar el puerto 5001. Es posible que el puerto este ocupado.
[ERROR] 17:43:28:942 FileSystem.log/(2626:2626): Fallo la aceptacion del cliente, del FD servidor (fileSystem): 4
